----------------Q1/Q2.-----------------
total_vertexes = 1000
> Initialization...
> Huffman Coding...
> Huffman Coding Result : 
0 : 100011001, length = 9
1 : 0110111000, length = 10
2 : 01100010010, length = 11
3 : 101100101, length = 9
4 : 00111110101, length = 11
5 : 00111010000, length = 11
6 : 0111010001, length = 10
7 : 0101000010, length = 10
8 : 01000011001, length = 11
9 : 110111001, length = 9
10 : 0111101100, length = 10
11 : 000000011, length = 9
12 : 000000110, length = 9
13 : 1100101010, length = 10
14 : 0110000111001, length = 13
15 : 111001101, length = 9
16 : 100010101, length = 9
17 : 0100001000, length = 10
18 : 10011011011, length = 11
19 : 1100011011, length = 10
20 : 0111101110, length = 10
21 : 01110011111, length = 11
22 : 0101001101, length = 10
23 : 110101001, length = 9
24 : 01001110001, length = 11
25 : 1110000001101, length = 13
26 : 0011010000, length = 10
27 : 0110100101010, length = 13
28 : 01000110000010, length = 14
29 : 0101100101, length = 10
30 : 000011000, length = 9
31 : 0100011010, length = 10
32 : 0111010010, length = 10
33 : 001100011, length = 9
34 : 110111010101, length = 12
35 : 0111100011, length = 10
36 : 001010111, length = 9
37 : 00110110010, length = 11
38 : 11101010011, length = 11
39 : 101101010, length = 9
40 : 110110100, length = 9
41 : 000010111, length = 9
42 : 111011100, length = 9
43 : 110111011, length = 9
44 : 100111101, length = 9
45 : 0010001101, length = 10
46 : 00110010110, length = 11
47 : 0110100011, length = 10
48 : 100001000, length = 9
49 : 0101000111001, length = 13
50 : 110010010, length = 9
51 : 1100000011, length = 10
52 : 1100001001, length = 10
53 : 1110100010, length = 10
54 : 0100000110, length = 10
55 : 101110110, length = 9
56 : 110001100, length = 9
57 : 000111100, length = 9
58 : 1000101111, length = 10
59 : 0101010101, length = 10
60 : 0111000111, length = 10
61 : 100000010, length = 9
62 : 0110010100, length = 10
63 : 0101010110, length = 10
64 : 0101110101, length = 10
65 : 0100110100, length = 10
66 : 11111110110110, length = 14
67 : 0011100011, length = 10
68 : 0110100101011, length = 13
69 : 1110111010, length = 10
70 : 01101100001, length = 11
71 : 01101111000, length = 11
72 : 01001011111, length = 11
73 : 01010111001, length = 11
74 : 0110001000, length = 10
75 : 0111011000, length = 10
76 : 111111111, length = 9
77 : 00001010000, length = 11
78 : 0101000011, length = 10
79 : 0111111011010, length = 13
80 : 011110010000, length = 12
81 : 110001010, length = 9
82 : 01111101000, length = 11
83 : 0100101011, length = 10
84 : 10000111000, length = 11
85 : 111111100, length = 9
86 : 111011010, length = 9
87 : 0011000010100, length = 13
88 : 00010010111, length = 11
89 : 01010001010, length = 11
90 : 01101001011, length = 11
91 : 000001000010, length = 12
92 : 100111110, length = 9
93 : 0110010101, length = 10
94 : 1001000000, length = 10
95 : 100101001, length = 9
96 : 0101110111110, length = 13
97 : 0011111110, length = 10
98 : 0100100111, length = 10
99 : 0011110110, length = 10
100 : 110000011, length = 9
101 : 01000111011, length = 11
102 : 0001001010, length = 10
103 : 0000011010, length = 10
104 : 000101001, length = 9
105 : 001100010, length = 9
106 : 0101110111100, length = 13
107 : 1010001111, length = 10
108 : 00100110110, length = 11
109 : 0010011011110, length = 13
110 : 01000101011, length = 11
111 : 0110000000, length = 10
112 : 101110010, length = 9
113 : 1001011110, length = 10
114 : 000011111, length = 9
115 : 011101100110, length = 12
116 : 1010011111001, length = 13
117 : 110100111, length = 9
118 : 001110110110, length = 12
119 : 0011000010101, length = 13
120 : 01101100000, length = 11
121 : 011100111101, length = 12
122 : 0010011111, length = 10
123 : 11000110100, length = 11
124 : 111011000, length = 9
125 : 0111110011, length = 10
126 : 000111010, length = 9
127 : 0010110010, length = 10
128 : 0111001111000, length = 13
129 : 1100100011, length = 10
130 : 0010001100, length = 10
131 : 0100001111, length = 10
132 : 110000010, length = 9
133 : 1111010010, length = 10
134 : 1111101101, length = 10
135 : 00001010001, length = 11
136 : 110100100, length = 9
137 : 000001000011, length = 12
138 : 001100001001, length = 12
139 : 101101111, length = 9
140 : 1011111000, length = 10
141 : 001100001000, length = 12
142 : 1000001111, length = 10
143 : 1100001000, length = 10
144 : 0001000010, length = 10
145 : 101001001, length = 9
146 : 001101010101, length = 12
147 : 000010101, length = 9
148 : 0011111101, length = 10
149 : 111000101, length = 9
150 : 011101111000, length = 12
151 : 0101101011, length = 10
152 : 0101110110, length = 10
153 : 11000110101, length = 11
154 : 0011011101, length = 10
155 : 10101100001, length = 11
156 : 10001110000, length = 11
157 : 01011010011, length = 11
158 : 0000100010, length = 10
159 : 110011011, length = 9
160 : 0100011100, length = 10
161 : 10100001100, length = 11
162 : 010010001100, length = 12
163 : 0110000100, length = 10
164 : 01011011111, length = 11
165 : 0111101111, length = 10
166 : 101001011, length = 9
167 : 001000000, length = 9
168 : 0011111011, length = 10
169 : 101100110, length = 9
170 : 0001100100, length = 10
171 : 0111111100, length = 10
172 : 101010000, length = 9
173 : 0100010001, length = 10
174 : 111111101101111, length = 15
175 : 1000111001, length = 10
176 : 1101000100, length = 10
177 : 111100001, length = 9
178 : 0101101110, length = 10
179 : 0101011101, length = 10
180 : 000011101, length = 9
181 : 101110100, length = 9
182 : 001001000, length = 9
183 : 000001001, length = 9
184 : 010100011101, length = 12
185 : 001110011110, length = 12
186 : 110010100, length = 9
187 : 101001101, length = 9
188 : 1111010011111, length = 13
189 : 0100010111, length = 10
190 : 010010001110, length = 12
191 : 0111100000, length = 10
192 : 1111010011110, length = 13
193 : 0011111100, length = 10
194 : 010101101110, length = 12
195 : 111101011, length = 9
196 : 100100110, length = 9
197 : 0011100101, length = 10
198 : 100001111, length = 9
199 : 111011001, length = 9
200 : 0101011010, length = 10
201 : 110011000, length = 9
202 : 0011100110, length = 10
203 : 0100101100, length = 10
204 : 101011111, length = 9
205 : 01010011111, length = 11
206 : 0101100001111, length = 13
207 : 1000101110, length = 10
208 : 110101111, length = 9
209 : 010001110101, length = 12
210 : 0100111100110011, length = 16
211 : 1001001001, length = 10
212 : 1100001101, length = 10
213 : 000001101111, length = 12
214 : 000110110, length = 9
215 : 0101101101, length = 10
216 : 0111000010, length = 10
217 : 101011110, length = 9
218 : 01101101100, length = 11
219 : 0111110111, length = 10
220 : 0101011111, length = 10
221 : 111000110, length = 9
222 : 00111011100, length = 11
223 : 101000000, length = 9
224 : 0101000001, length = 10
225 : 0000001001, length = 10
226 : 010001100001, length = 12
227 : 0011110101, length = 10
228 : 1100101011, length = 10
229 : 111010011, length = 9
230 : 110001111, length = 9
231 : 111111011, length = 9
232 : 0100111111, length = 10
233 : 000011110, length = 9
234 : 11010001010, length = 11
235 : 101010001, length = 9
236 : 10111100000, length = 11
237 : 001000010, length = 9
238 : 11101110111, length = 11
239 : 0101110100, length = 10
240 : 1010110001, length = 10
241 : 0100101000, length = 10
242 : 110110111, length = 9
243 : 0000101001, length = 10
244 : 111001001, length = 9
245 : 01111110110111, length = 14
246 : 0100000111, length = 10
247 : 0101111101, length = 10
248 : 01100110111001, length = 14
249 : 000111000, length = 9
250 : 01111101001, length = 11
251 : 0111110110, length = 10
252 : 010001110100, length = 12
253 : 0110101011, length = 10
254 : 0111111001, length = 10
255 : 11101110110, length = 11
256 : 0000100101, length = 10
257 : 0100000010, length = 10
258 : 111100101, length = 9
259 : 0111000101, length = 10
260 : 0100011011, length = 10
261 : 010011001011, length = 12
262 : 0101111000, length = 10
263 : 0101011011000, length = 13
264 : 0110101001, length = 10
265 : 1110101110, length = 10
266 : 011001001111, length = 12
267 : 01101010001, length = 11
268 : 0100100000, length = 10
269 : 110011010, length = 9
270 : 0111011100, length = 10
271 : 0011110011, length = 10
272 : 111000010, length = 9
273 : 00000101111, length = 11
274 : 111010111110, length = 12
275 : 010000000110, length = 12
276 : 10100111110001, length = 14
277 : 0101101010, length = 10
278 : 00010000111, length = 11
279 : 1000000110, length = 10
280 : 100011000, length = 9
281 : 111001000, length = 9
282 : 000101101, length = 9
283 : 01001110000, length = 11
284 : 11111010001, length = 11
285 : 0110011110, length = 10
286 : 10010010001, length = 11
287 : 000111111, length = 9
288 : 111011111, length = 9
289 : 01011010010, length = 11
290 : 110100000, length = 9
291 : 101010100, length = 9
292 : 100110101, length = 9
293 : 101111011, length = 9
294 : 0100111001, length = 10
295 : 111100000, length = 9
296 : 0101000111000, length = 13
297 : 101111110, length = 9
298 : 101000101, length = 9
299 : 0110000001, length = 10
300 : 1010010000, length = 10
301 : 0000111001, length = 10
302 : 0001010101, length = 10
303 : 111110111, length = 9
304 : 01010100101011, length = 14
305 : 01011001100, length = 11
306 : 010110111100, length = 12
307 : 0011110000, length = 10
308 : 1110101000, length = 10
309 : 111010010, length = 9
310 : 0111011010, length = 10
311 : 010101101100101, length = 15
312 : 10110110101, length = 11
313 : 011001101110001, length = 15
314 : 01100101101, length = 11
315 : 001111100110, length = 12
316 : 000001101100, length = 12
317 : 0110001011, length = 10
318 : 001101001100, length = 12
319 : 001011010, length = 9
320 : 111111000, length = 9
321 : 0010010010, length = 10
322 : 0000000001, length = 10
323 : 111111101100, length = 12
324 : 0111111101, length = 10
325 : 100110010, length = 9
326 : 0100000000, length = 10
327 : 00111111111, length = 11
328 : 011110110111, length = 12
329 : 0111001000, length = 10
330 : 100110000, length = 9
331 : 100110110101, length = 12
332 : 0101100100, length = 10
333 : 0101101100, length = 10
334 : 01100100000, length = 11
335 : 1111111010, length = 10
336 : 01101110011, length = 11
337 : 000100100, length = 9
338 : 111000111, length = 9
339 : 001101100110, length = 12
340 : 0111011101, length = 10
341 : 01111110001, length = 11
342 : 001100111, length = 9
343 : 01110011101, length = 11
344 : 011010010100, length = 12
345 : 01011100110, length = 11
346 : 01000111110, length = 11
347 : 1111000111, length = 10
348 : 0101111010, length = 10
349 : 0110000101, length = 10
350 : 0101100001110, length = 13
351 : 1001101111, length = 10
352 : 10000100111, length = 11
353 : 0100010010, length = 10
354 : 01001100100, length = 11
355 : 1000011101, length = 10
356 : 1110000001110100, length = 16
357 : 0101001110, length = 10
358 : 0110111101, length = 10
359 : 0001011100, length = 10
360 : 0111101011, length = 10
361 : 00111010001, length = 11
362 : 001010011, length = 9
363 : 0111101010, length = 10
364 : 0100101001, length = 10
365 : 00111100011, length = 11
366 : 001100101110, length = 12
367 : 1100000010011, length = 13
368 : 001000101110, length = 12
369 : 101111111, length = 9
370 : 111010101, length = 9
371 : 0111001111001011, length = 16
372 : 0001011000, length = 10
373 : 00111100010, length = 11
374 : 000101111, length = 9
375 : 0110101100010, length = 13
376 : 1100111111, length = 10
377 : 0101101000, length = 10
378 : 00111110100, length = 11
379 : 100010001, length = 9
380 : 001101010100, length = 12
381 : 0110011001, length = 10
382 : 0100111100110001, length = 16
383 : 1101000101111, length = 13
384 : 0110011100, length = 10
385 : 01010110011, length = 11
386 : 0110101101, length = 10
387 : 0111011011, length = 10
388 : 0001110110, length = 10
389 : 0001111101, length = 10
390 : 0111010101, length = 10
391 : 100000000, length = 9
392 : 0101001001, length = 10
393 : 0011101011, length = 10
394 : 100101110, length = 9
395 : 000001111, length = 9
396 : 000011010, length = 9
397 : 11101010010, length = 11
398 : 111110101, length = 9
399 : 01100101111, length = 11
400 : 00110101011, length = 11
401 : 00000101110, length = 11
402 : 001010101, length = 9
403 : 101011101, length = 9
404 : 0111010000, length = 10
405 : 11111110111, length = 11
406 : 101000100, length = 9
407 : 00000100000, length = 11
408 : 00111010101, length = 11
409 : 0100010011, length = 10
410 : 0100000011, length = 10
411 : 110100011, length = 9
412 : 10000011100, length = 11
413 : 110110110, length = 9
414 : 100110110100, length = 12
415 : 0110001010, length = 10
416 : 000010110, length = 9
417 : 01010001011, length = 11
418 : 001000011, length = 9
419 : 00000010001, length = 11
420 : 0111001010, length = 10
421 : 0001010100, length = 10
422 : 1110010110, length = 10
423 : 001011000, length = 9
424 : 001010010, length = 9
425 : 0001110111, length = 10
426 : 0100111110, length = 10
427 : 10001110001, length = 11
428 : 1010101100, length = 10
429 : 0010101100, length = 10
430 : 001011110, length = 9
431 : 100100100001, length = 12
432 : 00110111111, length = 11
433 : 001111111100, length = 12
434 : 000110111, length = 9
435 : 1110000000, length = 10
436 : 11101011110, length = 11
437 : 110101100, length = 9
438 : 0110000110, length = 10
439 : 0000100100, length = 10
440 : 000000010, length = 9
441 : 110001011, length = 9
442 : 110000000, length = 9
443 : 1010000011, length = 10
444 : 100100101, length = 9
445 : 0101001011, length = 10
446 : 01101001110, length = 11
447 : 1010010001, length = 10
448 : 01001111001100100, length = 17
449 : 1111101100, length = 10
450 : 101100011, length = 9
451 : 100001110011, length = 12
452 : 01111110110110, length = 14
453 : 0100110000, length = 10
454 : 0110111011, length = 10
455 : 111100100, length = 9
456 : 00000010000, length = 11
457 : 100101100, length = 9
458 : 110111010100, length = 12
459 : 0100110110, length = 10
460 : 0011010111, length = 10
461 : 101111101, length = 9
462 : 1010001110, length = 10
463 : 0111000110, length = 10
464 : 00110100111, length = 11
465 : 01100010011, length = 11
466 : 111101000, length = 9
467 : 1011000011, length = 10
468 : 10110110100, length = 11
469 : 011000011101, length = 12
470 : 010000100110000, length = 15
471 : 0100111100110010100, length = 19
472 : 0110001111, length = 10
473 : 0100001001101, length = 13
474 : 011100010000, length = 12
475 : 000110001, length = 9
476 : 0100100011011, length = 13
477 : 111000001, length = 9
478 : 0100100001, length = 10
479 : 001001101110, length = 12
480 : 110100001, length = 9
481 : 0111101000, length = 10
482 : 0010111011, length = 10
483 : 0110111110, length = 10
484 : 0110100001, length = 10
485 : 11100000011100, length = 14
486 : 00111010011, length = 11
487 : 0111100111100, length = 13
488 : 01101101101, length = 11
489 : 01100101100, length = 11
490 : 01010100101010, length = 14
491 : 1111011100, length = 10
492 : 0110000010, length = 10
493 : 101010101, length = 9
494 : 100111010, length = 9
495 : 0101110001, length = 10
496 : 0011000011, length = 10
497 : 01100000111, length = 11
498 : 0100011110, length = 10
499 : 110100101, length = 9
500 : 11101000111, length = 11
501 : 1011111001, length = 10
502 : 0111111111, length = 10
503 : 0111100111101, length = 13
504 : 101110111, length = 9
505 : 0011101100, length = 10
506 : 100001010, length = 9
507 : 101111010, length = 9
508 : 100100111, length = 9
509 : 100110011, length = 9
510 : 111111110, length = 9
511 : 00111101001, length = 11
512 : 011111101100, length = 12
513 : 010000110000, length = 12
514 : 001100110, length = 9
515 : 001001010, length = 9
516 : 101000010, length = 9
517 : 0111010011, length = 10
518 : 0010010011, length = 10
519 : 100011010, length = 9
520 : 0110101010, length = 10
521 : 000111001, length = 9
522 : 100100001, length = 9
523 : 0010011010, length = 10
524 : 100111100, length = 9
525 : 00100000111, length = 11
526 : 101001110, length = 9
527 : 100100010, length = 9
528 : 00101100111, length = 11
529 : 10101100000, length = 11
530 : 01001011110, length = 11
531 : 0010100010, length = 10
532 : 01111110101, length = 11
533 : 10111100001, length = 11
534 : 0110110011, length = 10
535 : 100010010, length = 9
536 : 111110011, length = 9
537 : 0100100100, length = 10
538 : 0111001111001010, length = 16
539 : 000110011, length = 9
540 : 0110011101, length = 10
541 : 0110001101, length = 10
542 : 110101000, length = 9
543 : 00100000110, length = 11
544 : 1111101001, length = 10
545 : 1100010001, length = 10
546 : 1001010000, length = 10
547 : 0100101110, length = 10
548 : 0110101111, length = 10
549 : 0111010100, length = 10
550 : 01000010010, length = 11
551 : 00110111110, length = 11
552 : 1111001110, length = 10
553 : 01100101110, length = 11
554 : 1100000010001000, length = 16
555 : 0110110101, length = 10
556 : 0010011011111, length = 13
557 : 1001000001, length = 10
558 : 000011001, length = 9
559 : 01010111101, length = 11
560 : 010000110001, length = 12
561 : 110010000, length = 9
562 : 000101000, length = 9
563 : 1011000000, length = 10
564 : 01010010100, length = 11
565 : 0000111000, length = 10
566 : 01101111001, length = 11
567 : 00011001011, length = 11
568 : 1000111100, length = 10
569 : 00111010010, length = 11
570 : 10000011101, length = 11
571 : 00111110010, length = 11
572 : 01011001101, length = 11
573 : 0110101100011, length = 13
574 : 000001101110, length = 12
575 : 111101001101, length = 12
576 : 110010011, length = 9
577 : 110111111, length = 9
578 : 0100100101, length = 10
579 : 0011001010, length = 10
580 : 0110100000, length = 10
581 : 000000111, length = 9
582 : 110011110, length = 9
583 : 100010110, length = 9
584 : 01110000001, length = 11
585 : 110111110, length = 9
586 : 101110001, length = 9
587 : 111101101, length = 9
588 : 0011100111111, length = 13
589 : 11000000101, length = 11
590 : 0101000110, length = 10
591 : 110101101, length = 9
592 : 1011000001, length = 10
593 : 01100111110, length = 11
594 : 00110101000, length = 11
595 : 0011100111110, length = 13
596 : 01000010011001, length = 14
597 : 000100110, length = 9
598 : 0100111100110000, length = 16
599 : 00111101000, length = 11
600 : 010011001010, length = 12
601 : 01111110000, length = 11
602 : 1110000001111, length = 13
603 : 0100010000, length = 10
604 : 110001110, length = 9
605 : 11111101000, length = 11
606 : 000010000, length = 9
607 : 11001011110, length = 11
608 : 1011000010, length = 10
609 : 000101011, length = 9
610 : 100011111, length = 9
611 : 01011000110, length = 11
612 : 0110110111, length = 10
613 : 100000001, length = 9
614 : 1010000111, length = 10
615 : 0011010001, length = 10
616 : 100111111, length = 9
617 : 1000010010, length = 10
618 : 000100000, length = 9
619 : 1100000010000, length = 13
620 : 011010110000, length = 12
621 : 010000100110001, length = 15
622 : 1111001111, length = 10
623 : 0101000000, length = 10
624 : 01101001111, length = 11
625 : 110101011, length = 9
626 : 100101101, length = 9
627 : 0101010100, length = 10
628 : 0111001001, length = 10
629 : 111110010, length = 9
630 : 110010111110, length = 12
631 : 100010000, length = 9
632 : 110111000, length = 9
633 : 001111100111, length = 12
634 : 0110100110, length = 10
635 : 1011011011001, length = 13
636 : 0011011010, length = 10
637 : 011110110110, length = 12
638 : 01110001001, length = 11
639 : 01111011010, length = 11
640 : 0100000101, length = 10
641 : 00111011101, length = 11
642 : 010011110010, length = 12
643 : 00101100110, length = 11
644 : 0101010010100, length = 13
645 : 111101001110, length = 12
646 : 10100001101, length = 11
647 : 0101110010, length = 10
648 : 01001110110, length = 11
649 : 100111011, length = 9
650 : 11101000110, length = 11
651 : 01000000010, length = 11
652 : 100011101, length = 9
653 : 0011010010, length = 10
654 : 01010110010, length = 11
655 : 0100010110, length = 10
656 : 00111010100, length = 11
657 : 0100100010, length = 10
658 : 1101101011, length = 10
659 : 101001100, length = 9
660 : 001001100, length = 9
661 : 01011100111, length = 11
662 : 110001001, length = 9
663 : 1000011001, length = 10
664 : 101111001, length = 9
665 : 0011100010, length = 10
666 : 1110000001100, length = 13
667 : 01001010100, length = 11
668 : 01011000111, length = 11
669 : 101010011, length = 9
670 : 0110011011101, length = 13
671 : 010011101110, length = 12
672 : 0110110100, length = 10
673 : 0111110000, length = 10
674 : 1101000101110, length = 13
675 : 01010011001, length = 11
676 : 01100111111, length = 11
677 : 1001010001, length = 10
678 : 100001101, length = 9
679 : 001000100, length = 9
680 : 000001101101, length = 12
681 : 0011010110, length = 10
682 : 0110111111, length = 10
683 : 111001010, length = 9
684 : 110000111, length = 9
685 : 111000011, length = 9
686 : 0100001110, length = 10
687 : 001100101111, length = 12
688 : 0101110111101, length = 13
689 : 100000110, length = 9
690 : 0110010010, length = 10
691 : 0101011000, length = 10
692 : 1110010111, length = 10
693 : 101110101, length = 9
694 : 01101011101, length = 11
695 : 101101110, length = 9
696 : 001001110, length = 9
697 : 0111010111, length = 10
698 : 101101000, length = 9
699 : 100000101, length = 9
700 : 00110100110100, length = 14
701 : 001011011, length = 9
702 : 0111001011, length = 10
703 : 01001010101, length = 11
704 : 0110000111111, length = 13
705 : 111000100, length = 9
706 : 0110110010, length = 10
707 : 0100110001, length = 10
708 : 111101100, length = 9
709 : 000100101101, length = 12
710 : 101001111101, length = 12
711 : 10100111111, length = 11
712 : 01100001110000, length = 14
713 : 0110100100, length = 10
714 : 01010001111, length = 11
715 : 0001011101, length = 10
716 : 0100100011010, length = 13
717 : 111101010, length = 9
718 : 101001010, length = 9
719 : 001010100, length = 9
720 : 1111000110, length = 10
721 : 0101110000, length = 10
722 : 01101011100, length = 11
723 : 000010011, length = 9
724 : 1000000111, length = 10
725 : 1111111011010, length = 13
726 : 101100010, length = 9
727 : 111110001, length = 9
728 : 111001110, length = 9
729 : 01000111111, length = 11
730 : 00111011010, length = 11
731 : 0100011000000, length = 13
732 : 010110111101, length = 12
733 : 001100001011, length = 12
734 : 0001111100, length = 10
735 : 1011010011, length = 10
736 : 0101111111, length = 10
737 : 101110000, length = 9
738 : 0111000011, length = 10
739 : 1100001100, length = 10
740 : 1010000010, length = 10
741 : 1100100010, length = 10
742 : 001101100111, length = 12
743 : 1111011101, length = 10
744 : 111100110, length = 9
745 : 01011000010, length = 11
746 : 1111011111, length = 10
747 : 011110010001, length = 12
748 : 0101010001, length = 10
749 : 100010100, length = 9
750 : 0110111010, length = 10
751 : 0110011000, length = 10
752 : 010011110011001011, length = 18
753 : 101110011, length = 9
754 : 0001011001, length = 10
755 : 101010010, length = 9
756 : 001101001101010, length = 15
757 : 1100111110, length = 10
758 : 110010110, length = 9
759 : 0111010110, length = 10
760 : 000110000, length = 9
761 : 101011001, length = 9
762 : 0100000100, length = 10
763 : 000001110, length = 9
764 : 0100110101, length = 10
765 : 101101100, length = 9
766 : 110110001, length = 9
767 : 0100011001, length = 10
768 : 000110100, length = 9
769 : 0000100011, length = 10
770 : 00011001010, length = 11
771 : 01001111000, length = 11
772 : 1001011111, length = 10
773 : 001011100, length = 9
774 : 00111101110, length = 11
775 : 100111001, length = 9
776 : 110010111111, length = 12
777 : 1011110001, length = 10
778 : 11011101011, length = 11
779 : 01010100100, length = 11
780 : 001100100, length = 9
781 : 0111110001, length = 10
782 : 010001100010, length = 12
783 : 00110101001, length = 11
784 : 110100110, length = 9
785 : 110011101, length = 9
786 : 10000100110, length = 11
787 : 01110110010, length = 11
788 : 111011011, length = 9
789 : 01010111100, length = 11
790 : 000110101, length = 9
791 : 0000000000, length = 10
792 : 0100110111, length = 10
793 : 1101110100, length = 10
794 : 000100010, length = 9
795 : 010101101101, length = 12
796 : 0110010001, length = 10
797 : 111101001100, length = 12
798 : 0100111100110010101, length = 19
799 : 01100110110, length = 11
800 : 110110000, length = 9
801 : 0100100011110, length = 13
802 : 0101100010, length = 10
803 : 0000010110, length = 10
804 : 110000001000101, length = 15
805 : 01100001110001, length = 14
806 : 0100001010, length = 10
807 : 1100101110, length = 10
808 : 0011111000, length = 10
809 : 000001010, length = 9
810 : 01000110000011, length = 14
811 : 0101000100, length = 10
812 : 001010000, length = 9
813 : 0101111001, length = 10
814 : 100101011, length = 9
815 : 011101111001, length = 12
816 : 01110000000, length = 11
817 : 10100111110000, length = 14
818 : 0111100001, length = 10
819 : 0101100001100, length = 13
820 : 101101101101, length = 12
821 : 01111010010, length = 11
822 : 0010101101, length = 10
823 : 0100111101, length = 10
824 : 01010111000, length = 11
825 : 100010011, length = 9
826 : 0110100010, length = 10
827 : 0100001011, length = 10
828 : 0100101101, length = 10
829 : 1101101010, length = 10
830 : 011000011110, length = 12
831 : 111111001, length = 9
832 : 100100011, length = 9
833 : 0101100000, length = 10
834 : 1111011110, length = 10
835 : 000001100, length = 9
836 : 110101010, length = 9
837 : 100110001, length = 9
838 : 0011101111, length = 10
839 : 010000100111, length = 12
840 : 0101111011, length = 10
841 : 11111101001, length = 11
842 : 101011100, length = 9
843 : 111100010, length = 9
844 : 0110011010, length = 10
845 : 101011010, length = 9
846 : 100100100000, length = 12
847 : 11100000010, length = 11
848 : 010101101100110, length = 15
849 : 101101011, length = 9
850 : 0011110010, length = 10
851 : 01010011110, length = 11
852 : 000011011, length = 9
853 : 010101001011, length = 12
854 : 0101010000, length = 10
855 : 1011010010, length = 10
856 : 0111100101, length = 10
857 : 110101110, length = 9
858 : 0101010011, length = 10
859 : 001000101111, length = 12
860 : 000100011, length = 9
861 : 100001110010, length = 12
862 : 01111001110, length = 11
863 : 111001111, length = 9
864 : 0100100110, length = 10
865 : 100001011, length = 9
866 : 01111110111, length = 11
867 : 1100000010001001, length = 16
868 : 01111001001, length = 11
869 : 011100010001, length = 12
870 : 11111010000, length = 11
871 : 1100110010, length = 10
872 : 111110000, length = 9
873 : 100110100, length = 9
874 : 001000111, length = 9
875 : 00111101111, length = 11
876 : 001100000, length = 9
877 : 0011011011, length = 10
878 : 111000000111011, length = 15
879 : 001111111101, length = 12
880 : 01110011110011, length = 14
881 : 01010011000, length = 11
882 : 001001011, length = 9
883 : 0010011110, length = 10
884 : 111010111111, length = 12
885 : 001110110111, length = 12
886 : 00111001110, length = 11
887 : 1111110101, length = 10
888 : 100101010, length = 9
889 : 100111000, length = 9
890 : 101011011, length = 9
891 : 0110001110, length = 10
892 : 010001100011, length = 12
893 : 110100010110, length = 12
894 : 010101101111, length = 12
895 : 00111000010, length = 11
896 : 001011111, length = 9
897 : 0111100010, length = 10
898 : 0111000001, length = 10
899 : 011001101111, length = 12
900 : 1010101101, length = 10
901 : 00100010110, length = 11
902 : 1001101100, length = 10
903 : 0101010111, length = 10
904 : 0011100100, length = 10
905 : 01111110100, length = 11
906 : 100011011, length = 9
907 : 10110110111, length = 11
908 : 010000000111, length = 12
909 : 101000110, length = 9
910 : 1010011110, length = 10
911 : 00010000110, length = 11
912 : 0100100011111, length = 13
913 : 101100111, length = 9
914 : 1000011000, length = 10
915 : 0111001101, length = 10
916 : 01110111101, length = 11
917 : 1100110011, length = 10
918 : 0100111010, length = 10
919 : 01101110010, length = 11
920 : 110111101, length = 9
921 : 110110010, length = 9
922 : 0101111110, length = 10
923 : 001110000111, length = 12
924 : 110111100, length = 9
925 : 010101101100111, length = 15
926 : 011001101110000, length = 15
927 : 011001001110, length = 12
928 : 0011011100, length = 10
929 : 0111011111, length = 10
930 : 1100000010010, length = 13
931 : 0111110101, length = 10
932 : 01011101110, length = 11
933 : 0010000010, length = 10
934 : 010001010100, length = 12
935 : 0111110010, length = 10
936 : 01001111001101, length = 14
937 : 0111100110, length = 10
938 : 1000111101, length = 10
939 : 01011111001, length = 11
940 : 01100000110, length = 11
941 : 001101001101011, length = 15
942 : 111011110, length = 9
943 : 01110011100, length = 11
944 : 0011100000, length = 10
945 : 111001100, length = 9
946 : 011100111100100, length = 15
947 : 0010100011, length = 10
948 : 0100110011, length = 10
949 : 0101001000, length = 10
950 : 0101100111, length = 10
951 : 1100010000, length = 10
952 : 0100111100111, length = 13
953 : 000111101, length = 9
954 : 01011111000, length = 11
955 : 01100100001, length = 11
956 : 0000000011, length = 10
957 : 1110000001110101, length = 16
958 : 011101100111, length = 12
959 : 000100111, length = 9
960 : 01100100110, length = 11
961 : 11000000100011, length = 14
962 : 01111010011, length = 11
963 : 0011010011011, length = 13
964 : 0111001100, length = 10
965 : 0110001100, length = 10
966 : 101010111, length = 9
967 : 0100010100, length = 10
968 : 010001010101, length = 12
969 : 0111111110, length = 10
970 : 011110011111, length = 12
971 : 111111101101110, length = 15
972 : 01010010101, length = 11
973 : 01101011001, length = 11
974 : 01101010000, length = 11
975 : 1011011011000, length = 13
976 : 0110110001, length = 10
977 : 110000101, length = 9
978 : 0010111010, length = 10
979 : 0000010001, length = 10
980 : 010011101111, length = 12
981 : 110011100, length = 9
982 : 000100101100, length = 12
983 : 0011011110, length = 10
984 : 0101110111111, length = 13
985 : 0110000111110, length = 13
986 : 001110000110, length = 12
987 : 010101101100100, length = 15
988 : 100000100, length = 9
989 : 0100001101, length = 10
990 : 1001101110, length = 10
991 : 0011011000, length = 10
992 : 101100100, length = 9
993 : 0010001010, length = 10
994 : 0000000010, length = 10
995 : 110110011, length = 9
996 : 0101100001101, length = 13
997 : 111010110, length = 9
998 : 111010000, length = 9
999 : 000000101, length = 9
> Calculate Max/Min Length : 
max_length = 19
min_length = 9
----------------Q3.-----------------
total_vertexes = 1000
> Calculate max WIS using DP...
> Reconstruct the max WIS...
> Whether 1(1st vertiex), 2(2nd vertex), 3, 4, 17, 117, 517, and 997 is in WIS? (1 is within, 0 is without for each)...
10100110
